08:45:38.252 [main] DEBUG org.apache.poi.ooxml.POIXMLFactory - using default POIXMLDocumentPart for http://schemas.openxmlformats.org/officeDocument/2006/relationships/printerSettings
08:45:38.254 [main] DEBUG org.apache.poi.ooxml.POIXMLFactory - using default POIXMLDocumentPart for http://schemas.openxmlformats.org/officeDocument/2006/relationships/printerSettings
08:45:38.254 [main] DEBUG org.apache.poi.ooxml.POIXMLFactory - using default POIXMLDocumentPart for http://schemas.openxmlformats.org/officeDocument/2006/relationships/printerSettings
08:45:38.254 [main] DEBUG org.apache.poi.ooxml.POIXMLFactory - using default POIXMLDocumentPart for http://schemas.openxmlformats.org/officeDocument/2006/relationships/printerSettings
08:45:38.261 [main] DEBUG org.apache.poi.ooxml.POIXMLFactory - using default POIXMLDocumentPart for http://schemas.openxmlformats.org/officeDocument/2006/relationships/printerSettings
08:45:38.261 [main] DEBUG org.apache.poi.ooxml.POIXMLFactory - using default POIXMLDocumentPart for http://schemas.openxmlformats.org/officeDocument/2006/relationships/printerSettings
08:45:38.262 [main] DEBUG org.apache.poi.ooxml.POIXMLFactory - using default POIXMLDocumentPart for http://schemas.openxmlformats.org/officeDocument/2006/relationships/printerSettings
08:45:38.262 [main] DEBUG org.apache.poi.ooxml.POIXMLFactory - using default POIXMLDocumentPart for http://schemas.openxmlformats.org/officeDocument/2006/relationships/printerSettings
08:45:38.262 [main] DEBUG org.apache.poi.ooxml.POIXMLFactory - using default POIXMLDocumentPart for http://schemas.openxmlformats.org/officeDocument/2006/relationships/printerSettings
08:45:38.263 [main] DEBUG org.apache.poi.ooxml.POIXMLFactory - using default POIXMLDocumentPart for http://schemas.openxmlformats.org/officeDocument/2006/relationships/printerSettings
08:45:38.263 [main] DEBUG org.apache.poi.ooxml.POIXMLFactory - using default POIXMLDocumentPart for http://schemas.openxmlformats.org/officeDocument/2006/relationships/printerSettings
08:45:38.263 [main] DEBUG org.apache.poi.ooxml.POIXMLFactory - using default POIXMLDocumentPart for http://schemas.openxmlformats.org/officeDocument/2006/relationships/printerSettings
08:45:38.563 [main] DEBUG org.apache.poi.openxml4j.opc.PackageRelationshipCollection - Parsing relationship: /xl/pivotCache/_rels/pivotCacheDefinition1.xml.rels
08:45:38.563 [main] DEBUG org.apache.poi.openxml4j.opc.PackageRelationshipCollection - Parsing relationship: /xl/pivotTables/_rels/pivotTable1.xml.rels
08:45:38.564 [main] DEBUG org.apache.poi.openxml4j.opc.PackageRelationshipCollection - Parsing relationship: /xl/_rels/workbook.xml.rels
08:45:38.564 [main] DEBUG org.apache.poi.openxml4j.opc.PackageRelationshipCollection - Parsing relationship: /xl/worksheets/_rels/sheet3.xml.rels
08:45:38.565 [main] DEBUG org.apache.poi.openxml4j.opc.PackageRelationshipCollection - Parsing relationship: /xl/worksheets/_rels/sheet4.xml.rels
08:45:38.565 [main] DEBUG org.apache.poi.openxml4j.opc.PackageRelationshipCollection - Parsing relationship: /xl/worksheets/_rels/sheet5.xml.rels
08:45:38.565 [main] DEBUG org.apache.poi.openxml4j.opc.PackageRelationshipCollection - Parsing relationship: /xl/worksheets/_rels/sheet6.xml.rels
08:45:38.566 [main] DEBUG org.apache.poi.openxml4j.opc.PackageRelationshipCollection - Parsing relationship: /xl/worksheets/_rels/sheet7.xml.rels
08:45:38.566 [main] DEBUG org.apache.poi.openxml4j.opc.PackageRelationshipCollection - Parsing relationship: /xl/worksheets/_rels/sheet8.xml.rels
08:45:38.566 [main] DEBUG org.apache.poi.openxml4j.opc.PackageRelationshipCollection - Parsing relationship: /xl/worksheets/_rels/sheet9.xml.rels
08:45:38.566 [main] DEBUG org.apache.poi.openxml4j.opc.PackageRelationshipCollection - Parsing relationship: /xl/worksheets/_rels/sheet10.xml.rels
08:45:38.566 [main] DEBUG org.apache.poi.openxml4j.opc.PackageRelationshipCollection - Parsing relationship: /xl/worksheets/_rels/sheet11.xml.rels
08:45:38.567 [main] DEBUG org.apache.poi.openxml4j.opc.PackageRelationshipCollection - Parsing relationship: /xl/worksheets/_rels/sheet12.xml.rels
08:45:38.567 [main] DEBUG org.apache.poi.openxml4j.opc.PackageRelationshipCollection - Parsing relationship: /xl/worksheets/_rels/sheet13.xml.rels
08:45:38.567 [main] DEBUG org.apache.poi.openxml4j.opc.PackageRelationshipCollection - Parsing relationship: /xl/worksheets/_rels/sheet14.xml.rels
08:45:38.567 [main] DEBUG org.apache.poi.openxml4j.opc.PackageRelationshipCollection - Parsing relationship: /xl/worksheets/_rels/sheet15.xml.rels
08:45:38.568 [main] DEBUG org.apache.poi.openxml4j.opc.PackageRelationshipCollection - Parsing relationship: /xl/worksheets/_rels/sheet20.xml.rels
08:45:38.568 [main] DEBUG org.apache.poi.openxml4j.opc.PackageRelationshipCollection - Parsing relationship: /xl/worksheets/_rels/sheet21.xml.rels
08:45:38.568 [main] DEBUG org.apache.poi.openxml4j.opc.PackageRelationshipCollection - Parsing relationship: /xl/worksheets/_rels/sheet22.xml.rels
08:45:38.568 [main] DEBUG org.apache.poi.openxml4j.opc.PackageRelationshipCollection - Parsing relationship: /xl/worksheets/_rels/sheet23.xml.rels
08:45:38.569 [main] DEBUG org.apache.poi.openxml4j.opc.PackageRelationshipCollection - Parsing relationship: /xl/worksheets/_rels/sheet24.xml.rels
08:45:38.569 [main] DEBUG org.apache.poi.openxml4j.opc.PackageRelationshipCollection - Parsing relationship: /xl/worksheets/_rels/sheet25.xml.rels
08:45:38.570 [main] DEBUG org.apache.poi.openxml4j.opc.PackageRelationshipCollection - Parsing relationship: /xl/worksheets/_rels/sheet30.xml.rels
08:45:38.571 [main] DEBUG org.apache.poi.openxml4j.opc.PackageRelationshipCollection - Parsing relationship: /xl/worksheets/_rels/sheet32.xml.rels
08:45:38.572 [main] DEBUG org.apache.poi.openxml4j.opc.PackageRelationshipCollection - Parsing relationship: /xl/worksheets/_rels/sheet33.xml.rels
08:45:38.572 [main] DEBUG org.apache.poi.openxml4j.opc.PackageRelationshipCollection - Parsing relationship: /xl/worksheets/_rels/sheet34.xml.rels
08:45:38.573 [main] DEBUG org.apache.poi.openxml4j.opc.PackageRelationshipCollection - Parsing relationship: /xl/worksheets/_rels/sheet35.xml.rels
08:45:38.573 [main] DEBUG org.apache.poi.openxml4j.opc.PackageRelationshipCollection - Parsing relationship: /xl/worksheets/_rels/sheet37.xml.rels
08:45:38.573 [main] DEBUG org.apache.poi.openxml4j.opc.PackageRelationshipCollection - Parsing relationship: /xl/worksheets/_rels/sheet38.xml.rels
08:45:38.574 [main] DEBUG org.apache.poi.openxml4j.opc.PackageRelationshipCollection - Parsing relationship: /xl/worksheets/_rels/sheet39.xml.rels
08:45:38.574 [main] DEBUG org.apache.poi.openxml4j.opc.PackageRelationshipCollection - Parsing relationship: /xl/worksheets/_rels/sheet40.xml.rels
08:45:38.575 [main] DEBUG org.apache.poi.openxml4j.opc.PackageRelationshipCollection - Parsing relationship: /xl/worksheets/_rels/sheet41.xml.rels
08:45:38.575 [main] DEBUG org.apache.poi.openxml4j.opc.PackageRelationshipCollection - Parsing relationship: /xl/worksheets/_rels/sheet42.xml.rels
08:45:38.575 [main] DEBUG org.apache.poi.openxml4j.opc.PackageRelationshipCollection - Parsing relationship: /xl/worksheets/_rels/sheet43.xml.rels
08:45:38.576 [main] DEBUG org.apache.poi.openxml4j.opc.PackageRelationshipCollection - Parsing relationship: /xl/worksheets/_rels/sheet47.xml.rels
08:45:38.576 [main] DEBUG org.apache.poi.openxml4j.opc.PackageRelationshipCollection - Parsing relationship: /xl/worksheets/_rels/sheet48.xml.rels
08:45:38.577 [main] DEBUG org.apache.poi.openxml4j.opc.PackageRelationshipCollection - Parsing relationship: /xl/worksheets/_rels/sheet49.xml.rels
08:45:38.577 [main] DEBUG org.apache.poi.openxml4j.opc.PackageRelationshipCollection - Parsing relationship: /xl/worksheets/_rels/sheet50.xml.rels
08:45:38.578 [main] DEBUG org.apache.poi.openxml4j.opc.PackageRelationshipCollection - Parsing relationship: /xl/worksheets/_rels/sheet52.xml.rels
08:45:38.578 [main] DEBUG org.apache.poi.openxml4j.opc.PackageRelationshipCollection - Parsing relationship: /xl/worksheets/_rels/sheet54.xml.rels
08:45:38.579 [main] DEBUG org.apache.poi.openxml4j.opc.PackageRelationshipCollection - Parsing relationship: /xl/worksheets/_rels/sheet55.xml.rels
08:45:38.580 [main] DEBUG org.apache.poi.openxml4j.opc.PackageRelationshipCollection - Parsing relationship: /xl/worksheets/_rels/sheet56.xml.rels
08:45:38.580 [main] DEBUG org.apache.poi.openxml4j.opc.PackageRelationshipCollection - Parsing relationship: /xl/worksheets/_rels/sheet57.xml.rels
08:45:38.580 [main] DEBUG org.apache.poi.openxml4j.opc.PackageRelationshipCollection - Parsing relationship: /xl/worksheets/_rels/sheet59.xml.rels
08:45:38.581 [main] DEBUG org.apache.poi.openxml4j.opc.PackageRelationshipCollection - Parsing relationship: /xl/worksheets/_rels/sheet60.xml.rels
08:45:38.581 [main] DEBUG org.apache.poi.openxml4j.opc.PackageRelationshipCollection - Parsing relationship: /xl/worksheets/_rels/sheet61.xml.rels
08:45:38.582 [main] DEBUG org.apache.poi.openxml4j.opc.PackageRelationshipCollection - Parsing relationship: /xl/worksheets/_rels/sheet62.xml.rels
08:45:38.582 [main] DEBUG org.apache.poi.openxml4j.opc.PackageRelationshipCollection - Parsing relationship: /xl/worksheets/_rels/sheet66.xml.rels
08:45:38.583 [main] DEBUG org.apache.poi.openxml4j.opc.PackageRelationshipCollection - Parsing relationship: /xl/worksheets/_rels/sheet75.xml.rels
08:45:38.584 [main] DEBUG org.apache.poi.openxml4j.opc.PackageRelationshipCollection - Parsing relationship: /xl/worksheets/_rels/sheet76.xml.rels
08:45:38.584 [main] DEBUG org.apache.poi.openxml4j.opc.PackageRelationshipCollection - Parsing relationship: /xl/worksheets/_rels/sheet77.xml.rels
08:45:38.585 [main] DEBUG org.apache.poi.openxml4j.opc.PackageRelationshipCollection - Parsing relationship: /xl/worksheets/_rels/sheet78.xml.rels
08:45:38.585 [main] DEBUG org.apache.poi.openxml4j.opc.PackageRelationshipCollection - Parsing relationship: /xl/worksheets/_rels/sheet79.xml.rels
08:45:38.586 [main] DEBUG org.apache.poi.openxml4j.opc.PackageRelationshipCollection - Parsing relationship: /xl/worksheets/_rels/sheet80.xml.rels
08:45:38.586 [main] DEBUG org.apache.poi.openxml4j.opc.PackageRelationshipCollection - Parsing relationship: /xl/worksheets/_rels/sheet81.xml.rels
08:45:38.586 [main] DEBUG org.apache.poi.openxml4j.opc.PackageRelationshipCollection - Parsing relationship: /xl/worksheets/_rels/sheet82.xml.rels
08:45:38.587 [main] DEBUG org.apache.poi.openxml4j.opc.PackageRelationshipCollection - Parsing relationship: /xl/worksheets/_rels/sheet83.xml.rels
08:45:38.587 [main] DEBUG org.apache.poi.openxml4j.opc.PackageRelationshipCollection - Parsing relationship: /xl/worksheets/_rels/sheet84.xml.rels
08:45:38.587 [main] DEBUG org.apache.poi.openxml4j.opc.PackageRelationshipCollection - Parsing relationship: /xl/worksheets/_rels/sheet85.xml.rels
08:45:38.588 [main] DEBUG org.apache.poi.openxml4j.opc.PackageRelationshipCollection - Parsing relationship: /xl/worksheets/_rels/sheet86.xml.rels
08:45:38.588 [main] DEBUG org.apache.poi.openxml4j.opc.PackageRelationshipCollection - Parsing relationship: /xl/worksheets/_rels/sheet89.xml.rels
08:45:38.589 [main] DEBUG org.apache.poi.openxml4j.opc.PackageRelationshipCollection - Parsing relationship: /xl/worksheets/_rels/sheet90.xml.rels
08:45:38.589 [main] DEBUG org.apache.poi.openxml4j.opc.PackageRelationshipCollection - Parsing relationship: /xl/worksheets/_rels/sheet92.xml.rels
08:45:38.590 [main] DEBUG org.apache.poi.openxml4j.opc.PackageRelationshipCollection - Parsing relationship: /xl/worksheets/_rels/sheet93.xml.rels
08:45:38.591 [main] DEBUG org.apache.poi.openxml4j.opc.PackageRelationshipCollection - Parsing relationship: /xl/worksheets/_rels/sheet94.xml.rels
08:45:38.591 [main] DEBUG org.apache.poi.openxml4j.opc.PackageRelationshipCollection - Parsing relationship: /xl/worksheets/_rels/sheet96.xml.rels
08:45:38.592 [main] DEBUG org.apache.poi.openxml4j.opc.PackageRelationshipCollection - Parsing relationship: /xl/worksheets/_rels/sheet97.xml.rels
08:45:38.592 [main] DEBUG org.apache.poi.openxml4j.opc.PackageRelationshipCollection - Parsing relationship: /xl/worksheets/_rels/sheet98.xml.rels
08:45:38.593 [main] DEBUG org.apache.poi.openxml4j.opc.PackageRelationshipCollection - Parsing relationship: /xl/worksheets/_rels/sheet99.xml.rels
08:45:38.593 [main] DEBUG org.apache.poi.openxml4j.opc.PackageRelationshipCollection - Parsing relationship: /xl/worksheets/_rels/sheet100.xml.rels
08:45:38.594 [main] DEBUG org.apache.poi.openxml4j.opc.PackageRelationshipCollection - Parsing relationship: /xl/worksheets/_rels/sheet101.xml.rels
08:45:38.594 [main] DEBUG org.apache.poi.openxml4j.opc.PackageRelationshipCollection - Parsing relationship: /xl/worksheets/_rels/sheet102.xml.rels
08:45:38.595 [main] DEBUG org.apache.poi.openxml4j.opc.PackageRelationshipCollection - Parsing relationship: /_rels/.rels
08:45:38.645 [main] DEBUG org.apache.poi.ooxml.POIXMLFactory - using default POIXMLDocumentPart for http://schemas.openxmlformats.org/officeDocument/2006/relationships/printerSettings
08:45:38.645 [main] DEBUG org.apache.poi.ooxml.POIXMLFactory - using default POIXMLDocumentPart for http://schemas.openxmlformats.org/officeDocument/2006/relationships/printerSettings
08:45:38.645 [main] DEBUG org.apache.poi.ooxml.POIXMLFactory - using default POIXMLDocumentPart for http://schemas.openxmlformats.org/officeDocument/2006/relationships/printerSettings
08:45:38.646 [main] DEBUG org.apache.poi.ooxml.POIXMLFactory - using default POIXMLDocumentPart for http://schemas.openxmlformats.org/officeDocument/2006/relationships/printerSettings
08:45:38.646 [main] DEBUG org.apache.poi.ooxml.POIXMLFactory - using default POIXMLDocumentPart for http://schemas.openxmlformats.org/officeDocument/2006/relationships/printerSettings
08:45:38.646 [main] DEBUG org.apache.poi.ooxml.POIXMLFactory - using default POIXMLDocumentPart for http://schemas.openxmlformats.org/officeDocument/2006/relationships/printerSettings
08:45:38.647 [main] DEBUG org.apache.poi.ooxml.POIXMLFactory - using default POIXMLDocumentPart for http://schemas.openxmlformats.org/officeDocument/2006/relationships/printerSettings
08:45:38.647 [main] DEBUG org.apache.poi.ooxml.POIXMLFactory - using default POIXMLDocumentPart for http://schemas.openxmlformats.org/officeDocument/2006/relationships/printerSettings
08:45:38.647 [main] DEBUG org.apache.poi.ooxml.POIXMLFactory - using default POIXMLDocumentPart for http://schemas.openxmlformats.org/officeDocument/2006/relationships/printerSettings
08:45:38.647 [main] DEBUG org.apache.poi.ooxml.POIXMLFactory - using default POIXMLDocumentPart for http://schemas.openxmlformats.org/officeDocument/2006/relationships/printerSettings
08:45:38.647 [main] DEBUG org.apache.poi.ooxml.POIXMLFactory - using default POIXMLDocumentPart for http://schemas.openxmlformats.org/officeDocument/2006/relationships/printerSettings
08:45:38.647 [main] DEBUG org.apache.poi.ooxml.POIXMLFactory - using default POIXMLDocumentPart for http://schemas.openxmlformats.org/officeDocument/2006/relationships/printerSettings
08:45:38.647 [main] DEBUG org.apache.poi.ooxml.POIXMLFactory - using default POIXMLDocumentPart for http://schemas.openxmlformats.org/officeDocument/2006/relationships/printerSettings
08:45:38.647 [main] DEBUG org.apache.poi.ooxml.POIXMLFactory - using default POIXMLDocumentPart for http://schemas.openxmlformats.org/officeDocument/2006/relationships/printerSettings
08:45:38.647 [main] DEBUG org.apache.poi.ooxml.POIXMLFactory - using default POIXMLDocumentPart for http://schemas.openxmlformats.org/officeDocument/2006/relationships/printerSettings
08:45:38.647 [main] DEBUG org.apache.poi.ooxml.POIXMLFactory - using default POIXMLDocumentPart for http://schemas.openxmlformats.org/officeDocument/2006/relationships/printerSettings
08:45:38.647 [main] DEBUG org.apache.poi.ooxml.POIXMLFactory - using default POIXMLDocumentPart for http://schemas.openxmlformats.org/officeDocument/2006/relationships/printerSettings
08:45:38.647 [main] DEBUG org.apache.poi.ooxml.POIXMLFactory - using default POIXMLDocumentPart for http://schemas.openxmlformats.org/officeDocument/2006/relationships/printerSettings
08:45:38.647 [main] DEBUG org.apache.poi.ooxml.POIXMLFactory - using default POIXMLDocumentPart for http://schemas.openxmlformats.org/officeDocument/2006/relationships/printerSettings
08:45:38.647 [main] DEBUG org.apache.poi.ooxml.POIXMLFactory - using default POIXMLDocumentPart for http://schemas.openxmlformats.org/officeDocument/2006/relationships/printerSettings
08:45:38.647 [main] DEBUG org.apache.poi.ooxml.POIXMLFactory - using default POIXMLDocumentPart for http://schemas.openxmlformats.org/officeDocument/2006/relationships/printerSettings
08:45:38.647 [main] DEBUG org.apache.poi.ooxml.POIXMLFactory - using default POIXMLDocumentPart for http://schemas.openxmlformats.org/officeDocument/2006/relationships/printerSettings
08:45:38.647 [main] DEBUG org.apache.poi.ooxml.POIXMLFactory - using default POIXMLDocumentPart for http://schemas.openxmlformats.org/officeDocument/2006/relationships/printerSettings
08:45:38.647 [main] DEBUG org.apache.poi.ooxml.POIXMLFactory - using default POIXMLDocumentPart for http://schemas.openxmlformats.org/officeDocument/2006/relationships/printerSettings
08:45:38.648 [main] DEBUG org.apache.poi.ooxml.POIXMLFactory - using default POIXMLDocumentPart for http://schemas.openxmlformats.org/officeDocument/2006/relationships/printerSettings
08:45:38.648 [main] DEBUG org.apache.poi.ooxml.POIXMLFactory - using default POIXMLDocumentPart for http://schemas.openxmlformats.org/officeDocument/2006/relationships/printerSettings
08:45:38.648 [main] DEBUG org.apache.poi.ooxml.POIXMLFactory - using default POIXMLDocumentPart for http://schemas.openxmlformats.org/officeDocument/2006/relationships/printerSettings
08:45:38.648 [main] DEBUG org.apache.poi.ooxml.POIXMLFactory - using default POIXMLDocumentPart for http://schemas.openxmlformats.org/officeDocument/2006/relationships/printerSettings
08:45:38.648 [main] DEBUG org.apache.poi.ooxml.POIXMLFactory - using default POIXMLDocumentPart for http://schemas.openxmlformats.org/officeDocument/2006/relationships/printerSettings
08:45:38.648 [main] DEBUG org.apache.poi.ooxml.POIXMLFactory - using default POIXMLDocumentPart for http://schemas.openxmlformats.org/officeDocument/2006/relationships/printerSettings
08:45:38.648 [main] DEBUG org.apache.poi.ooxml.POIXMLFactory - using default POIXMLDocumentPart for http://schemas.openxmlformats.org/officeDocument/2006/relationships/printerSettings
08:45:38.648 [main] DEBUG org.apache.poi.ooxml.POIXMLFactory - using default POIXMLDocumentPart for http://schemas.openxmlformats.org/officeDocument/2006/relationships/printerSettings
08:45:38.648 [main] DEBUG org.apache.poi.ooxml.POIXMLFactory - using default POIXMLDocumentPart for http://schemas.openxmlformats.org/officeDocument/2006/relationships/printerSettings
08:45:38.648 [main] DEBUG org.apache.poi.ooxml.POIXMLFactory - using default POIXMLDocumentPart for http://schemas.openxmlformats.org/officeDocument/2006/relationships/printerSettings
08:45:38.648 [main] DEBUG org.apache.poi.ooxml.POIXMLFactory - using default POIXMLDocumentPart for http://schemas.openxmlformats.org/officeDocument/2006/relationships/printerSettings
08:45:38.648 [main] DEBUG org.apache.poi.ooxml.POIXMLFactory - using default POIXMLDocumentPart for http://schemas.openxmlformats.org/officeDocument/2006/relationships/printerSettings
08:45:38.648 [main] DEBUG org.apache.poi.ooxml.POIXMLFactory - using default POIXMLDocumentPart for http://schemas.openxmlformats.org/officeDocument/2006/relationships/printerSettings
08:45:38.648 [main] DEBUG org.apache.poi.ooxml.POIXMLFactory - using default POIXMLDocumentPart for http://schemas.openxmlformats.org/officeDocument/2006/relationships/printerSettings
08:45:38.649 [main] DEBUG org.apache.poi.ooxml.POIXMLFactory - using default POIXMLDocumentPart for http://schemas.openxmlformats.org/officeDocument/2006/relationships/printerSettings
08:45:38.649 [main] DEBUG org.apache.poi.ooxml.POIXMLFactory - using default POIXMLDocumentPart for http://schemas.openxmlformats.org/officeDocument/2006/relationships/printerSettings
08:45:38.650 [main] DEBUG org.apache.poi.ooxml.POIXMLFactory - using default POIXMLDocumentPart for http://schemas.openxmlformats.org/officeDocument/2006/relationships/printerSettings
08:45:38.650 [main] DEBUG org.apache.poi.ooxml.POIXMLFactory - using default POIXMLDocumentPart for http://schemas.openxmlformats.org/officeDocument/2006/relationships/printerSettings
08:45:38.650 [main] DEBUG org.apache.poi.ooxml.POIXMLFactory - using default POIXMLDocumentPart for http://schemas.openxmlformats.org/officeDocument/2006/relationships/printerSettings
08:45:38.650 [main] DEBUG org.apache.poi.ooxml.POIXMLFactory - using default POIXMLDocumentPart for http://schemas.openxmlformats.org/officeDocument/2006/relationships/printerSettings
08:45:48.445 [main] DEBUG com.azmqalabs.edaattestautomation.api.test.getCountrycodetest - debugging.....
09:07:58.967 [main] DEBUG com.azmqalabs.edaattestautomation.api.test.getCitycodetest - Testing.....
09:09:26.134 [main] DEBUG com.azmqalabs.edaattestautomation.api.test.getCitycodetest - Testing.....
09:09:31.391 [main] DEBUG com.azmqalabs.edaattestautomation.api.test.getCountrycodetest - debugging.....
12:21:18.361 [main] DEBUG com.azmqalabs.edaattestautomation.api.test.getCitycodetest - Testing.....
12:22:06.388 [main] DEBUG com.azmqalabs.edaattestautomation.api.test.getCitycodetest - Testing.....
12:22:11.754 [main] DEBUG com.azmqalabs.edaattestautomation.api.test.getCountrycodetest - debugging.....
12:25:10.393 [main] DEBUG com.azmqalabs.edaattestautomation.api.test.getCitycodetest - Testing.....
12:25:14.665 [main] DEBUG com.azmqalabs.edaattestautomation.api.test.getCitycodetest - Testing.....
12:25:16.315 [main] DEBUG com.azmqalabs.edaattestautomation.api.test.getCountrycodetest - debugging.....
12:26:47.666 [main] DEBUG com.azmqalabs.edaattestautomation.api.test.getCitycodetest - Testing.....
12:26:55.904 [main] DEBUG com.azmqalabs.edaattestautomation.api.test.getCitycodetest - Testing.....
12:27:02.888 [main] DEBUG com.azmqalabs.edaattestautomation.api.test.getCountrycodetest - debugging.....
12:31:50.503 [main] DEBUG com.azmqalabs.edaattestautomation.api.test.getCitycodetest - Testing.....
12:31:55.071 [main] DEBUG com.azmqalabs.edaattestautomation.api.test.getCitycodetest - Testing.....
12:31:56.408 [main] DEBUG com.azmqalabs.edaattestautomation.api.test.getCountrycodetest - debugging.....
12:47:57.999 [main] DEBUG com.azmqalabs.edaattestautomation.api.test.getCitycodetest - Testing.....
12:48:02.316 [main] DEBUG com.azmqalabs.edaattestautomation.api.test.getCitycodetest - Testing.....
12:48:03.454 [main] DEBUG com.azmqalabs.edaattestautomation.api.test.getCountrycodetest - debugging.....
12:48:48.014 [main] DEBUG com.azmqalabs.edaattestautomation.api.test.getCitycodetest - Testing.....
12:48:52.222 [main] DEBUG com.azmqalabs.edaattestautomation.api.test.getCitycodetest - Testing.....
12:48:53.608 [main] DEBUG com.azmqalabs.edaattestautomation.api.test.getCountrycodetest - debugging.....
12:49:25.181 [main] DEBUG com.azmqalabs.edaattestautomation.api.test.getCitycodetest - Testing.....
12:49:29.680 [main] DEBUG com.azmqalabs.edaattestautomation.api.test.getCitycodetest - Testing.....
12:49:30.944 [main] DEBUG com.azmqalabs.edaattestautomation.api.test.getCountrycodetest - debugging.....
12:51:42.403 [main] DEBUG com.azmqalabs.edaattestautomation.api.test.getCitycodetest - Testing.....
21:31:54.161 [main] DEBUG com.azmqalabs.edaattestautomation.api.test.getCitycodetest - Testing.....
21:32:02.127 [main] DEBUG com.azmqalabs.edaattestautomation.api.test.getCitycodetest - Testing.....
21:32:03.351 [main] DEBUG com.azmqalabs.edaattestautomation.api.test.getCountrycodetest - debugging.....
21:38:22.114 [main] DEBUG com.azmqalabs.edaattestautomation.api.test.getCitycodetest - Testing.....
21:38:27.279 [main] DEBUG com.azmqalabs.edaattestautomation.api.test.getCitycodetest - Testing.....
21:38:28.557 [main] DEBUG com.azmqalabs.edaattestautomation.api.test.getCountrycodetest - debugging.....
21:39:13.640 [main] DEBUG com.azmqalabs.edaattestautomation.api.test.getCitycodetest - Testing.....
21:52:07.382 [main] DEBUG com.azmqalabs.edaattestautomation.api.test.getCitycodetest - Testing.....
10:38:38.276 [main] DEBUG com.azmqalabs.edaattestautomation.api.test.getCitycodetest - Testing.....
10:39:39.527 [main] DEBUG com.azmqalabs.edaattestautomation.api.test.getCitycodetest - Testing.....
10:39:43.112 [main] DEBUG com.azmqalabs.edaattestautomation.api.test.getCitycodetest - Testing.....
21:22:10.141 [main] DEBUG com.azmqalabs.edaattestautomation.api.test.getCitycodetest - Testing.....
21:25:54.395 [main] DEBUG com.azmqalabs.edaattestautomation.api.test.getCitycodetest - Testing.....
12:18:51.174 [main] DEBUG com.azmqalabs.edaattestautomation.api.test.getCitycodetest - Testing.....
12:19:15.532 [main] DEBUG com.azmqalabs.edaattestautomation.api.test.getCitycodetest - Testing.....
12:25:40.886 [main] DEBUG com.azmqalabs.edaattestautomation.api.test.getCitycodetest - Testing.....
12:25:41.667 [main] DEBUG com.azmqalabs.edaattestautomation.api.test.getCitycodetest - Testing.....
12:27:27.353 [main] DEBUG com.azmqalabs.edaattestautomation.api.test.getCitycodetest - Testing.....
12:35:10.733 [main] DEBUG com.azmqalabs.edaattestautomation.api.test.getCitycodetest - Testing.....
12:06:42.229 [main] DEBUG com.azmqalabs.edaattestautomation.api.test.getCitycodetest - Testing.....
12:23:04.550 [main] DEBUG com.azmqalabs.edaattestautomation.api.test.getCitycodetest - Testing.....
12:23:04.748 [main] DEBUG com.azmqalabs.edaattestautomation.api.test.getCitycodetest - Testing.....
12:31:25.724 [main] DEBUG com.azmqalabs.edaattestautomation.api.test.getCitycodetest - Testing.....
12:43:16.755 [main] DEBUG com.azmqalabs.edaattestautomation.api.test.getCitycodetest - Testing.....
12:49:15.068 [main] DEBUG com.azmqalabs.edaattestautomation.api.test.getCitycodetest - Testing.....
12:50:40.312 [main] DEBUG com.azmqalabs.edaattestautomation.api.test.getCitycodetest - Testing.....
13:37:11.093 [main] DEBUG com.azmqalabs.edaattestautomation.api.test.getCitycodetest - Testing.....
13:38:21.960 [main] DEBUG com.azmqalabs.edaattestautomation.api.test.getCitycodetest - Testing.....
10:50:37.272 [main] DEBUG com.azmqalabs.edaattestautomation.api.test.getCitycodetest - Testing.....
11:23:13.150 [main] DEBUG com.azmqalabs.edaattestautomation.api.test.getCitycodetest - Testing.....
11:24:26.443 [main] DEBUG com.azmqalabs.edaattestautomation.api.test.getCitycodetest - Testing.....
20:48:10.712 [main] DEBUG com.azmqalabs.edaattestautomation.api.test.getCitycodetest - Testing.....
20:49:27.286 [main] DEBUG com.azmqalabs.edaattestautomation.api.test.getCitycodetest - Testing.....
20:53:56.289 [main] DEBUG com.azmqalabs.edaattestautomation.api.test.getCitycodetest - Testing.....
20:56:55.651 [main] DEBUG com.azmqalabs.edaattestautomation.api.test.getCitycodetest - Testing.....
21:00:29.139 [main] DEBUG com.azmqalabs.edaattestautomation.api.test.getCitycodetest - Testing.....
21:03:07.136 [main] DEBUG com.azmqalabs.edaattestautomation.api.test.getCitycodetest - Testing.....
21:04:51.422 [main] DEBUG com.azmqalabs.edaattestautomation.api.test.getCitycodetest - Testing.....
15:55:04.285 [main] DEBUG com.azmqalabs.edaattestautomation.api.test.getCitycodetest - Testing.....
16:48:37.726 [main] DEBUG com.azmqalabs.edaattestautomation.api.test.getCitycodetest - Testing.....
21:28:21.303 [main] DEBUG com.azmqalabs.edaattestautomation.api.test.getCitycodetest - Testing.....
22:24:10.601 [main] DEBUG com.azmqalabs.edaattestautomation.api.test.getCitycodetest - Testing.....
22:28:32.844 [main] DEBUG com.azmqalabs.edaattestautomation.api.test.getCitycodetest - Testing.....
22:32:51.696 [main] DEBUG com.azmqalabs.edaattestautomation.api.test.getCitycodetest - Testing.....
22:33:35.519 [main] DEBUG com.azmqalabs.edaattestautomation.api.test.getCitycodetest - Testing.....
22:35:41.299 [main] DEBUG com.azmqalabs.edaattestautomation.api.test.getCitycodetest - Testing.....
22:36:16.054 [main] DEBUG com.azmqalabs.edaattestautomation.api.test.getCitycodetest - Testing.....
22:38:15.963 [main] DEBUG com.azmqalabs.edaattestautomation.api.test.getCitycodetest - Testing.....
22:40:43.295 [main] DEBUG com.azmqalabs.edaattestautomation.api.test.getCitycodetest - Testing.....
22:44:30.969 [main] DEBUG com.azmqalabs.edaattestautomation.api.test.getCitycodetest - Testing.....
12:15:02.981 [main] DEBUG com.azmqalabs.edaattestautomation.api.test.getCitycodetest - Testing.....
12:16:20.566 [main] DEBUG com.azmqalabs.edaattestautomation.api.test.getCitycodetest - Testing.....
12:17:35.587 [main] DEBUG com.azmqalabs.edaattestautomation.api.test.getCitycodetest - Testing.....
12:40:34.077 [main] DEBUG com.azmqalabs.edaattestautomation.api.test.getCitycodetest - Testing.....
14:40:29.945 [main] DEBUG com.azmqalabs.edaattestautomation.api.test.getCitycodetest - Testing.....
15:05:38.140 [main] DEBUG com.azmqalabs.edaattestautomation.api.test.getCitycodetest - Testing.....
15:07:53.258 [main] DEBUG com.azmqalabs.edaattestautomation.api.test.getCitycodetest - Testing.....
15:09:51.384 [main] DEBUG com.azmqalabs.edaattestautomation.api.test.getCitycodetest - Testing.....
15:11:53.949 [main] DEBUG com.azmqalabs.edaattestautomation.api.test.getCitycodetest - Testing.....
15:14:03.378 [main] DEBUG com.azmqalabs.edaattestautomation.api.test.getCitycodetest - Testing.....
15:15:44.682 [main] DEBUG com.azmqalabs.edaattestautomation.api.test.getCitycodetest - Testing.....
15:16:19.452 [main] DEBUG com.azmqalabs.edaattestautomation.api.test.getCitycodetest - Testing.....
15:37:11.417 [main] DEBUG com.azmqalabs.edaattestautomation.api.test.getCitycodetest - Testing.....
15:39:03.431 [main] DEBUG com.azmqalabs.edaattestautomation.api.test.getCitycodetest - Testing.....
16:14:39.868 [main] DEBUG com.azmqalabs.edaattestautomation.api.test.getCitycodetest - Testing.....
16:19:19.325 [main] DEBUG com.azmqalabs.edaattestautomation.api.test.getCitycodetest - Testing.....
16:22:41.305 [main] DEBUG com.azmqalabs.edaattestautomation.api.test.getCitycodetest - Testing.....
16:33:35.365 [main] DEBUG com.azmqalabs.edaattestautomation.api.test.getCitycodetest - Testing.....
16:35:02.148 [main] DEBUG com.azmqalabs.edaattestautomation.api.test.getCitycodetest - Testing.....
18:41:53.115 [main] DEBUG com.azmqalabs.edaattestautomation.api.test.getCitycodetest - Testing.....
18:42:10.875 [main] DEBUG com.azmqalabs.edaattestautomation.api.test.getCitycodetest - Testing.....
18:42:14.452 [main] DEBUG com.azmqalabs.edaattestautomation.api.test.getCitycodetest - Testing.....
21:34:50.447 [main] DEBUG com.azmqalabs.edaattestautomation.api.test.getCitycodetest - Testing.....
21:35:17.991 [main] DEBUG com.azmqalabs.edaattestautomation.api.test.getCitycodetest - Testing.....
21:35:24.323 [main] DEBUG com.azmqalabs.edaattestautomation.api.test.getCitycodetest - Testing.....
21:39:37.150 [main] DEBUG com.azmqalabs.edaattestautomation.api.test.getCitycodetest - Testing.....
21:39:45.049 [main] DEBUG com.azmqalabs.edaattestautomation.api.test.getCitycodetest - Testing.....
21:39:49.808 [main] DEBUG com.azmqalabs.edaattestautomation.api.test.getCitycodetest - Testing.....
21:40:46.948 [main] DEBUG com.azmqalabs.edaattestautomation.api.test.getCitycodetest - Testing.....
21:40:55.280 [main] DEBUG com.azmqalabs.edaattestautomation.api.test.getCitycodetest - Testing.....
21:41:00.430 [main] DEBUG com.azmqalabs.edaattestautomation.api.test.getCitycodetest - Testing.....
21:44:40.678 [main] DEBUG com.azmqalabs.edaattestautomation.api.test.getCitycodetest - Testing.....
21:46:34.410 [main] DEBUG com.azmqalabs.edaattestautomation.api.test.getCitycodetest - Testing.....
21:51:10.149 [main] DEBUG com.azmqalabs.edaattestautomation.api.test.getCitycodetest - Testing.....
21:52:42.720 [main] DEBUG com.azmqalabs.edaattestautomation.api.test.getCitycodetest - Testing.....
21:53:55.219 [main] DEBUG com.azmqalabs.edaattestautomation.api.test.getCitycodetest - Testing.....
22:00:43.734 [main] DEBUG com.azmqalabs.edaattestautomation.api.test.getCitycodetest - Testing.....
22:10:20.930 [main] DEBUG com.azmqalabs.edaattestautomation.api.test.getCitycodetest - Testing.....
22:10:52.274 [main] DEBUG com.azmqalabs.edaattestautomation.api.test.getCitycodetest - Testing.....
22:34:34.365 [main] DEBUG com.azmqalabs.edaattestautomation.api.test.getCitycodetest - Testing.....
22:36:40.681 [main] DEBUG com.azmqalabs.edaattestautomation.api.test.getCitycodetest - Testing.....
22:38:46.674 [main] DEBUG com.azmqalabs.edaattestautomation.api.test.getCitycodetest - Testing.....
22:39:43.753 [main] DEBUG com.azmqalabs.edaattestautomation.api.test.getCitycodetest - Testing.....
11:15:10.791 [main] DEBUG com.azmqalabs.edaattestautomation.api.test.getCitycodetest - Testing.....
11:58:23.227 [main] DEBUG com.azmqalabs.edaattestautomation.api.test.postDiscounttest - Testing.....
12:00:23.196 [main] DEBUG com.azmqalabs.edaattestautomation.api.test.postDiscounttest - Testing.....
15:16:46.528 [main] DEBUG com.azmqalabs.edaattestautomation.api.test.postDiscounttest - Testing.....
15:18:57.008 [main] DEBUG com.azmqalabs.edaattestautomation.api.test.postDiscounttest - Testing.....
15:21:47.967 [main] DEBUG com.azmqalabs.edaattestautomation.api.test.postDiscounttest - Testing.....
15:22:54.886 [main] DEBUG com.azmqalabs.edaattestautomation.api.test.postDiscounttest - Testing.....
15:38:52.153 [main] DEBUG com.azmqalabs.edaattestautomation.api.test.postDiscounttest - Testing.....
15:43:50.239 [main] DEBUG com.azmqalabs.edaattestautomation.api.test.postDiscounttest - Testing.....
15:46:25.641 [main] DEBUG com.azmqalabs.edaattestautomation.api.test.postDiscounttest - Testing.....
15:47:32.845 [main] DEBUG com.azmqalabs.edaattestautomation.api.test.postDiscounttest - Testing.....
15:49:24.540 [main] DEBUG com.azmqalabs.edaattestautomation.api.test.postDiscounttest - Testing.....
15:52:11.143 [main] DEBUG com.azmqalabs.edaattestautomation.api.test.postDiscounttest - Testing.....
15:53:29.191 [main] DEBUG com.azmqalabs.edaattestautomation.api.test.postDiscounttest - Testing.....
15:56:44.228 [main] DEBUG com.azmqalabs.edaattestautomation.api.test.postDiscounttest - Testing.....
17:12:58.548 [main] DEBUG com.azmqalabs.edaattestautomation.api.test.postDiscounttest - Testing.....
17:14:39.648 [main] DEBUG com.azmqalabs.edaattestautomation.api.test.postDiscounttest - Testing.....
18:02:01.049 [main] DEBUG com.azmqalabs.edaattestautomation.api.test.postDiscounttest - Testing.....
18:02:57.443 [main] DEBUG com.azmqalabs.edaattestautomation.api.test.postDiscounttest - Testing.....
18:04:28.255 [main] DEBUG com.azmqalabs.edaattestautomation.api.test.postDiscounttest - Testing.....
18:04:51.383 [main] DEBUG com.azmqalabs.edaattestautomation.api.test.postDiscounttest - Testing.....
21:54:07.156 [main] DEBUG com.azmqalabs.edaattestautomation.api.test.postDiscounttest - Testing.....
21:54:33.381 [main] DEBUG com.azmqalabs.edaattestautomation.api.test.postDiscounttest - Testing.....
21:56:13.853 [main] DEBUG com.azmqalabs.edaattestautomation.api.test.postDiscounttest - Testing.....
22:06:20.754 [main] DEBUG com.azmqalabs.edaattestautomation.api.test.postDiscounttest - Testing.....
22:08:46.625 [main] DEBUG com.azmqalabs.edaattestautomation.api.test.postDiscounttest - Testing.....
22:21:44.852 [main] DEBUG com.azmqalabs.edaattestautomation.api.test.postDiscounttest - Testing.....
22:23:22.076 [main] DEBUG com.azmqalabs.edaattestautomation.api.test.postDiscounttest - Testing.....
22:25:59.157 [main] DEBUG com.azmqalabs.edaattestautomation.api.test.postDiscounttest - Testing.....
22:26:49.723 [main] DEBUG com.azmqalabs.edaattestautomation.api.test.postDiscounttest - Testing.....
